<?xml version="1.0" encoding="UTF-8"?>
<testsuite xmlns:xsi="http://www.w3.org/2001/XMLSchema-instance" xsi:noNamespaceSchemaLocation="https://maven.apache.org/surefire/maven-surefire-plugin/xsd/surefire-test-report-3.0.xsd" version="3.0" name="br.com.neuro_conexao.neuro_conexao.NeuroConexaoApplicationTests" time="5.461" tests="1" errors="0" skipped="0" failures="0">
  <properties>
[...]
</properties>
  <testcase name="contextLoads" classname="br.com.neuro_conexao.neuro_conexao.NeuroConexaoApplicationTests" time="0.528">
    <system-out><![CDATA[10:48:49.011 [main] INFO org.springframework.test.context.support.AnnotationConfigContextLoaderUtils -- Could not detect default configuration classes for test class [br.com.neuro_conexao.neuro_conexao.NeuroConexaoApplicationTests]: NeuroConexaoApplicationTests does not declare any static, non-private, non-final, nested classes annotated with @Configuration.
10:48:49.121 [main] INFO org.springframework.boot.test.context.SpringBootTestContextBootstrapper -- Found @SpringBootConfiguration br.com.neuro_conexao.neuro_conexao.NeuroConexaoApplication for test class br.com.neuro_conexao.neuro_conexao.NeuroConexaoApplicationTests
10:48:49.284 [main] INFO org.springframework.boot.devtools.restart.RestartApplicationListener -- Restart disabled due to context in which it is running

  .   ____          _            __ _ _
 /\\ / ___'_ __ _ _(_)_ __  __ _ \ \ \ \
( ( )\___ | '_ | '_| | '_ \/ _` | \ \ \ \
 \\/  ___)| |_)| | | | | || (_| |  ) ) ) )
  '  |____| .__|_| |_|_| |_\__, | / / / /
 =========|_|==============|___/=/_/_/_/
 :: Spring Boot ::                (v3.1.5)

2023-11-20T10:48:49.562-03:00  INFO 10320 --- [           main] b.c.n.n.NeuroConexaoApplicationTests     : Starting NeuroConexaoApplicationTests using Java 17.0.8 with PID 10320 (started by Anderson in C:\Users\Anderson\projeto-final-mvc)
2023-11-20T10:48:49.565-03:00  INFO 10320 --- [           main] b.c.n.n.NeuroConexaoApplicationTests     : No active profile set, falling back to 1 default profile: "default"
2023-11-20T10:48:50.221-03:00  INFO 10320 --- [           main] .s.d.r.c.RepositoryConfigurationDelegate : Bootstrapping Spring Data JPA repositories in DEFAULT mode.
2023-11-20T10:48:50.325-03:00  INFO 10320 --- [           main] .s.d.r.c.RepositoryConfigurationDelegate : Finished Spring Data repository scanning in 97 ms. Found 6 JPA repository interfaces.
2023-11-20T10:48:50.804-03:00  INFO 10320 --- [           main] o.hibernate.jpa.internal.util.LogHelper  : HHH000204: Processing PersistenceUnitInfo [name: default]
2023-11-20T10:48:50.885-03:00  INFO 10320 --- [           main] org.hibernate.Version                    : HHH000412: Hibernate ORM core version 6.2.13.Final
2023-11-20T10:48:50.887-03:00  INFO 10320 --- [           main] org.hibernate.cfg.Environment            : HHH000406: Using bytecode reflection optimizer
2023-11-20T10:48:51.246-03:00  INFO 10320 --- [           main] o.s.o.j.p.SpringPersistenceUnitInfo      : No LoadTimeWeaver setup: ignoring JPA class transformer
2023-11-20T10:48:51.276-03:00  INFO 10320 --- [           main] com.zaxxer.hikari.HikariDataSource       : HikariPool-1 - Starting...
2023-11-20T10:48:51.655-03:00  INFO 10320 --- [           main] com.zaxxer.hikari.pool.HikariPool        : HikariPool-1 - Added connection com.mysql.cj.jdbc.ConnectionImpl@7d284f15
2023-11-20T10:48:51.658-03:00  INFO 10320 --- [           main] com.zaxxer.hikari.HikariDataSource       : HikariPool-1 - Start completed.
2023-11-20T10:48:52.662-03:00  INFO 10320 --- [           main] o.h.e.t.j.p.i.JtaPlatformInitiator       : HHH000489: No JTA platform available (set 'hibernate.transaction.jta.platform' to enable JTA platform integration)
2023-11-20T10:48:52.768-03:00  INFO 10320 --- [           main] j.LocalContainerEntityManagerFactoryBean : Initialized JPA EntityManagerFactory for persistence unit 'default'
2023-11-20T10:48:53.312-03:00  WARN 10320 --- [           main] JpaBaseConfiguration$JpaWebConfiguration : spring.jpa.open-in-view is enabled by default. Therefore, database queries may be performed during view rendering. Explicitly configure spring.jpa.open-in-view to disable this warning
2023-11-20T10:48:53.531-03:00  INFO 10320 --- [           main] o.s.b.a.w.s.WelcomePageHandlerMapping    : Adding welcome page template: index
2023-11-20T10:48:53.763-03:00  INFO 10320 --- [           main] b.c.n.n.NeuroConexaoApplicationTests     : Started NeuroConexaoApplicationTests in 4.489 seconds (process running for 5.431)
]]></system-out>
  </testcase>
</testsuite>